#
# There is insufficient memory for the Java Runtime Environment to continue.
# Native memory allocation (mmap) failed to map 266338304 bytes for G1 virtual space
# Possible reasons:
#   The system is out of physical RAM or swap space
#   The process is running with CompressedOops enabled, and the Java Heap may be blocking the growth of the native heap
# Possible solutions:
#   Reduce memory load on the system
#   Increase physical memory or swap space
#   Check if swap backing store is full
#   Decrease Java heap size (-Xmx/-Xms)
#   Decrease number of Java threads
#   Decrease Java thread stack sizes (-Xss)
#   Set larger code cache with -XX:ReservedCodeCacheSize=
#   JVM is running with Zero Based Compressed Oops mode in which the Java heap is
#     placed in the first 32GB address space. The Java Heap base address is the
#     maximum limit for the native heap growth. Please use -XX:HeapBaseMinAddress
#     to set the Java Heap base and to place the Java Heap above 32GB virtual address.
# This output file may be truncated or incomplete.
#
#  Out of Memory Error (os_windows.cpp:3600), pid=32292, tid=32820
#
# JRE version:  (21.0.2+13) (build )
# Java VM: OpenJDK 64-Bit Server VM (21.0.2+13-LTS, mixed mode, sharing, tiered, compressed oops, compressed class ptrs, g1 gc, windows-amd64)
# No core dump will be written. Minidumps are not enabled by default on client versions of Windows
#

---------------  S U M M A R Y ------------

Command Line: -XX:+ShowCodeDetailsInExceptionMessages App

Host: Intel(R) Core(TM) i5-10300H CPU @ 2.50GHz, 8 cores, 15G,  Windows 11 , 64 bit Build 22621 (10.0.22621.3235)
Time: Sat Apr  6 19:03:35 2024 Hora estándar de Argentina elapsed time: 0.027181 seconds (0d 0h 0m 0s)

---------------  T H R E A D  ---------------

Current thread (0x000001d3217f8130):  JavaThread "Unknown thread" [_thread_in_vm, id=32820, stack(0x000000c5aad00000,0x000000c5aae00000) (1024K)]

Stack: [0x000000c5aad00000,0x000000c5aae00000]
Native frames: (J=compiled Java code, j=interpreted, Vv=VM code, C=native code)
V  [jvm.dll+0x6c94f9]
V  [jvm.dll+0x8a3c21]
V  [jvm.dll+0x8a614e]
V  [jvm.dll+0x8a6823]
V  [jvm.dll+0x27fa86]
V  [jvm.dll+0x6c5c75]
V  [jvm.dll+0x6ba96a]
V  [jvm.dll+0x35398a]
V  [jvm.dll+0x35b536]
V  [jvm.dll+0x3ac6be]
V  [jvm.dll+0x3ac968]
V  [jvm.dll+0x327bcc]
V  [jvm.dll+0x32872b]
V  [jvm.dll+0x86ccf9]
V  [jvm.dll+0x3b96c1]
V  [jvm.dll+0x854ec8]
V  [jvm.dll+0x44d44e]
V  [jvm.dll+0x44eed1]
C  [jli.dll+0x5278]
C  [ucrtbase.dll+0x29363]
C  [KERNEL32.DLL+0x1257d]
C  [ntdll.dll+0x5aa58]


---------------  P R O C E S S  ---------------

Threads class SMR info:
_java_thread_list=0x00007ffdfb57f088, length=0, elements={
}

Java Threads: ( => current thread )
Total: 0

Other Threads:
  0x000001d3239dc9f0 WorkerThread "GC Thread#0"                     [id=32180, stack(0x000000c5aae00000,0x000000c5aaf00000) (1024K)]
  0x000001d3239ed750 ConcurrentGCThread "G1 Main Marker"            [id=28744, stack(0x000000c5aaf00000,0x000000c5ab000000) (1024K)]
  0x000001d3239ee400 WorkerThread "G1 Conc#0"                       [id=6520, stack(0x000000c5ab000000,0x000000c5ab100000) (1024K)]

[error occurred during error reporting (printing all threads), id 0xc0000005, EXCEPTION_ACCESS_VIOLATION (0xc0000005) at pc=0x00007ffdfac8a4f7]
VM state: not at safepoint (not fully initialized)

VM Mutex/Monitor currently owned by a thread:  ([mutex/lock_event])
[0x00007ffdfb5f3298] Heap_lock - owner thread: 0x000001d3217f8130

Heap address: 0x0000000702800000, size: 4056 MB, Compressed Oops mode: Zero based, Oop shift amount: 3

CDS archive(s) mapped at: [0x0000000000000000-0x0000000000000000-0x0000000000000000), size 0, SharedBaseAddress: 0x0000000800000000, ArchiveRelocationMode: 1.
Narrow klass base: 0x0000000000000000, Narrow klass shift: 0, Narrow klass range: 0x0

GC Precious Log:
 CardTable entry size: 512
 Card Set container configuration: InlinePtr #cards 4 size 8 Array Of Cards #cards 16 size 48 Howl #buckets 8 coarsen threshold 3686 Howl Bitmap #cards 512 size 80 coarsen threshold 460 Card regions per heap region 1 cards per card region 4096

Heap:
 garbage-first heap   total 0K, used 0K [0x0000000702800000, 0x0000000800000000)
  region size 2048K, 0 young (0K), 0 survivors (0K)

[error occurred during error reporting (printing heap information), id 0xc0000005, EXCEPTION_ACCESS_VIOLATION (0xc0000005) at pc=0x00007ffdfb0723c9]
GC Heap History (0 events):
No events

Dll operation events (1 events):
Event: 0.011 Loaded shared library C:\Program Files\Eclipse Adoptium\jdk-21.0.2.13-hotspot\bin\java.dll

Deoptimization events (0 events):
No events

Classes loaded (0 events):
No events

Classes unloaded (0 events):
No events

Classes redefined (0 events):
No events

Internal exceptions (0 events):
No events

ZGC Phase Switch (0 events):
No events

VM Operations (0 events):
No events

Events (0 events):
No events


Dynamic libraries:
0x00007ff7de130000 - 0x00007ff7de13e000 	C:\Program Files\Eclipse Adoptium\jdk-21.0.2.13-hotspot\bin\java.exe
0x00007ffea7eb0000 - 0x00007ffea80c6000 	C:\WINDOWS\SYSTEM32\ntdll.dll
0x00007ffea6c50000 - 0x00007ffea6d14000 	C:\WINDOWS\System32\KERNEL32.DLL
0x00007ffea5620000 - 0x00007ffea59c6000 	C:\WINDOWS\System32\KERNELBASE.dll
0x00007ffea51f0000 - 0x00007ffea5301000 	C:\WINDOWS\System32\ucrtbase.dll
0x00007ffe91b90000 - 0x00007ffe91bab000 	C:\Program Files\Eclipse Adoptium\jdk-21.0.2.13-hotspot\bin\VCRUNTIME140.dll
0x00007ffe926a0000 - 0x00007ffe926b8000 	C:\Program Files\Eclipse Adoptium\jdk-21.0.2.13-hotspot\bin\jli.dll
0x00007ffea6230000 - 0x00007ffea63dd000 	C:\WINDOWS\System32\USER32.dll
0x00007ffea54d0000 - 0x00007ffea54f6000 	C:\WINDOWS\System32\win32u.dll
0x00007ffe89fd0000 - 0x00007ffe8a263000 	C:\WINDOWS\WinSxS\amd64_microsoft.windows.common-controls_6595b64144ccf1df_6.0.22621.3235_none_270f74e173860f98\COMCTL32.dll
0x00007ffea6460000 - 0x00007ffea6489000 	C:\WINDOWS\System32\GDI32.dll
0x00007ffea53b0000 - 0x00007ffea54c8000 	C:\WINDOWS\System32\gdi32full.dll
0x00007ffea7ab0000 - 0x00007ffea7b57000 	C:\WINDOWS\System32\msvcrt.dll
0x00007ffea5500000 - 0x00007ffea559a000 	C:\WINDOWS\System32\msvcp_win.dll
0x00007ffea5c20000 - 0x00007ffea5c51000 	C:\WINDOWS\System32\IMM32.DLL
0x00007ffea0450000 - 0x00007ffea045c000 	C:\Program Files\Eclipse Adoptium\jdk-21.0.2.13-hotspot\bin\vcruntime140_1.dll
0x00007ffe918a0000 - 0x00007ffe9192e000 	C:\Program Files\Eclipse Adoptium\jdk-21.0.2.13-hotspot\bin\msvcp140.dll
0x00007ffdfa950000 - 0x00007ffdfb6d3000 	C:\Program Files\Eclipse Adoptium\jdk-21.0.2.13-hotspot\bin\server\jvm.dll
0x00007ffea6e20000 - 0x00007ffea6ed2000 	C:\WINDOWS\System32\ADVAPI32.dll
0x00007ffea7ce0000 - 0x00007ffea7d88000 	C:\WINDOWS\System32\sechost.dll
0x00007ffea5380000 - 0x00007ffea53a8000 	C:\WINDOWS\System32\bcrypt.dll
0x00007ffea6490000 - 0x00007ffea65a5000 	C:\WINDOWS\System32\RPCRT4.dll
0x00007ffea63e0000 - 0x00007ffea6451000 	C:\WINDOWS\System32\WS2_32.dll
0x00007ffea4040000 - 0x00007ffea408d000 	C:\WINDOWS\SYSTEM32\POWRPROF.dll
0x00007ffe9b180000 - 0x00007ffe9b18a000 	C:\WINDOWS\SYSTEM32\VERSION.dll
0x00007ffe9db20000 - 0x00007ffe9db54000 	C:\WINDOWS\SYSTEM32\WINMM.dll
0x00007ffea4020000 - 0x00007ffea4033000 	C:\WINDOWS\SYSTEM32\UMPDC.dll
0x00007ffea42e0000 - 0x00007ffea42f8000 	C:\WINDOWS\SYSTEM32\kernel.appcore.dll
0x00007ffe91b80000 - 0x00007ffe91b8a000 	C:\Program Files\Eclipse Adoptium\jdk-21.0.2.13-hotspot\bin\jimage.dll
0x00007ffea2460000 - 0x00007ffea2693000 	C:\WINDOWS\SYSTEM32\DBGHELP.DLL
0x00007ffea5c60000 - 0x00007ffea5fe8000 	C:\WINDOWS\System32\combase.dll
0x00007ffea7d90000 - 0x00007ffea7e67000 	C:\WINDOWS\System32\OLEAUT32.dll
0x00007ffe7b0e0000 - 0x00007ffe7b112000 	C:\WINDOWS\SYSTEM32\dbgcore.DLL
0x00007ffea55a0000 - 0x00007ffea561a000 	C:\WINDOWS\System32\bcryptPrimitives.dll
0x00007ffe91b60000 - 0x00007ffe91b7f000 	C:\Program Files\Eclipse Adoptium\jdk-21.0.2.13-hotspot\bin\java.dll

dbghelp: loaded successfully - version: 4.0.5 - missing functions: none
symbol engine: initialized successfully - sym options: 0x614 - pdb path: .;C:\Program Files\Eclipse Adoptium\jdk-21.0.2.13-hotspot\bin;C:\WINDOWS\SYSTEM32;C:\WINDOWS\WinSxS\amd64_microsoft.windows.common-controls_6595b64144ccf1df_6.0.22621.3235_none_270f74e173860f98;C:\Program Files\Eclipse Adoptium\jdk-21.0.2.13-hotspot\bin\server

VM Arguments:
jvm_args: -XX:+ShowCodeDetailsInExceptionMessages 
java_command: App
java_class_path (initial): C:\Users\matia\OneDrive\Escritorio\Progrmacion III\TP1.java\bin
Launcher Type: SUN_STANDARD

[Global flags]
     intx CICompilerCount                          = 4                                         {product} {ergonomic}
     uint ConcGCThreads                            = 2                                         {product} {ergonomic}
     uint G1ConcRefinementThreads                  = 8                                         {product} {ergonomic}
   size_t G1HeapRegionSize                         = 2097152                                   {product} {ergonomic}
    uintx GCDrainStackTargetSize                   = 64                                        {product} {ergonomic}
   size_t InitialHeapSize                          = 266338304                                 {product} {ergonomic}
   size_t MarkStackSize                            = 4194304                                   {product} {ergonomic}
   size_t MaxHeapSize                              = 4253024256                                {product} {ergonomic}
   size_t MinHeapDeltaBytes                        = 2097152                                   {product} {ergonomic}
   size_t MinHeapSize                              = 8388608                                   {product} {ergonomic}
    uintx NonNMethodCodeHeapSize                   = 5839372                                {pd product} {ergonomic}
    uintx NonProfiledCodeHeapSize                  = 122909434                              {pd product} {ergonomic}
    uintx ProfiledCodeHeapSize                     = 122909434                              {pd product} {ergonomic}
    uintx ReservedCodeCacheSize                    = 251658240                              {pd product} {ergonomic}
     bool SegmentedCodeCache                       = true                                      {product} {ergonomic}
     bool ShowCodeDetailsInExceptionMessages       = true                                   {manageable} {command line}
   size_t SoftMaxHeapSize                          = 4253024256                             {manageable} {ergonomic}
     bool UseCompressedOops                        = true                           {product lp64_product} {ergonomic}
     bool UseG1GC                                  = true                                      {product} {ergonomic}
     bool UseLargePagesIndividualAllocation        = false                                  {pd product} {ergonomic}

Logging:
Log output configuration:
 #0: stdout all=warning uptime,level,tags foldmultilines=false
 #1: stderr all=off uptime,level,tags foldmultilines=false

Environment Variables:
PATH=C:\Program Files\Eclipse Adoptium\jdk-21.0.2.13-hotspot\bin;C:\Windows\system32;C:\Windows;C:\Windows\System32\Wbem;C:\Windows\System32\WindowsPowerShell\v1.0\;C:\Windows\System32\OpenSSH\;C:\Program Files (x86)\NVIDIA Corporation\PhysX\Common;C:\WINDOWS\system32;C:\WINDOWS;C:\WINDOWS\System32\Wbem;C:\WINDOWS\System32\WindowsPowerShell\v1.0\;C:\WINDOWS\System32\OpenSSH\;C:\TDM-GCC-64\bin;C:\Program Files\dotnet\;C:\Program Files\Git\cmd;C:\Program Files\Docker\Docker\resources\bin;C:\Users\matia\AppData\Local\Programs\Python\Python311\Scripts\;C:\Users\matia\AppData\Local\Programs\Python\Python311\;C:\Users\matia\AppData\Local\Microsoft\WindowsApps;C:\msys64\mingw64\bin;C:\Users\matia\AppData\Local\Programs\Microsoft VS Code\bin;C:\Users\matia\.dotnet\tools
USERNAME=matia
LANG=es_ES.UTF-8
OS=Windows_NT
PROCESSOR_IDENTIFIER=Intel64 Family 6 Model 165 Stepping 2, GenuineIntel
TMP=C:\Users\matia\AppData\Local\Temp
TEMP=C:\Users\matia\AppData\Local\Temp




Periodic native trim disabled

---------------  S Y S T E M  ---------------

OS:
 Windows 11 , 64 bit Build 22621 (10.0.22621.3235)
OS uptime: 2 days 17:29 hours
Hyper-V role detected

CPU: total 8 (initial active 8) (4 cores per cpu, 2 threads per core) family 6 model 165 stepping 2 microcode 0xe0, cx8, cmov, fxsr, ht, mmx, 3dnowpref, sse, sse2, sse3, ssse3, sse4.1, sse4.2, popcnt, lzcnt, tsc, tscinvbit, avx, avx2, aes, erms, clmul, bmi1, bmi2, adx, fma, vzeroupper, clflush, clflushopt, hv, rdtscp, f16c
Processor Information for all 8 processors :
  Max Mhz: 2496, Current Mhz: 2496, Mhz Limit: 2496

Memory: 4k page, system-wide physical 16221M (5740M free)
TotalPageFile size 30491M (AvailPageFile size 236M)
current process WorkingSet (physical memory assigned to process): 11M, peak: 11M
current process commit charge ("private bytes"): 60M, peak: 314M

vm_info: OpenJDK 64-Bit Server VM (21.0.2+13-LTS) for windows-amd64 JRE (21.0.2+13-LTS), built on 2024-01-16T00:00:00Z by "admin" with unknown MS VC++:1937

END.
